<?xml version="1.0" encoding="UTF-8"?>
<testsuite xmlns:xsi="http://www.w3.org/2001/XMLSchema-instance" xsi:noNamespaceSchemaLocation="https://maven.apache.org/surefire/maven-surefire-plugin/xsd/surefire-test-report.xsd" name="ar.edu.itba.paw.persistence.ProjectJdbcDaoTest" time="0.516" tests="8" errors="0" skipped="0" failures="0">
  <properties>
    <property name="sun.desktop" value="gnome"/>
    <property name="awt.toolkit" value="sun.awt.X11.XToolkit"/>
    <property name="file.encoding.pkg" value="sun.io"/>
    <property name="java.specification.version" value="1.8"/>
    <property name="sun.cpu.isalist" value=""/>
    <property name="sun.jnu.encoding" value="UTF-8"/>
    <property name="java.class.path" value="/home/julian/Desktop/PAW/WinWings/paw/persistence/target/test-classes:/home/julian/Desktop/PAW/WinWings/paw/persistence/target/classes:/home/julian/.m2/repository/junit/junit/4.13/junit-4.13.jar:/home/julian/.m2/repository/org/hamcrest/hamcrest-core/1.3/hamcrest-core-1.3.jar:/home/julian/.m2/repository/org/springframework/spring-context/4.2.5.RELEASE/spring-context-4.2.5.RELEASE.jar:/home/julian/.m2/repository/org/springframework/spring-aop/4.2.5.RELEASE/spring-aop-4.2.5.RELEASE.jar:/home/julian/.m2/repository/aopalliance/aopalliance/1.0/aopalliance-1.0.jar:/home/julian/.m2/repository/org/springframework/spring-beans/4.2.5.RELEASE/spring-beans-4.2.5.RELEASE.jar:/home/julian/.m2/repository/org/springframework/spring-core/4.2.5.RELEASE/spring-core-4.2.5.RELEASE.jar:/home/julian/.m2/repository/commons-logging/commons-logging/1.2/commons-logging-1.2.jar:/home/julian/.m2/repository/org/springframework/spring-expression/4.2.5.RELEASE/spring-expression-4.2.5.RELEASE.jar:/home/julian/.m2/repository/org/springframework/spring-jdbc/4.2.5.RELEASE/spring-jdbc-4.2.5.RELEASE.jar:/home/julian/.m2/repository/org/springframework/spring-tx/4.2.5.RELEASE/spring-tx-4.2.5.RELEASE.jar:/home/julian/.m2/repository/org/postgresql/postgresql/42.2.5/postgresql-42.2.5.jar:/home/julian/Desktop/PAW/WinWings/paw/interfaces/target/interfaces-1.0.jar:/home/julian/Desktop/PAW/WinWings/paw/model/target/model-1.0.jar:/home/julian/.m2/repository/joda-time/joda-time/2.10.5/joda-time-2.10.5.jar:/home/julian/.m2/repository/org/springframework/spring-test/4.2.5.RELEASE/spring-test-4.2.5.RELEASE.jar:/home/julian/.m2/repository/org/hsqldb/hsqldb/2.3.1/hsqldb-2.3.1.jar:"/>
    <property name="java.vm.vendor" value="Oracle Corporation"/>
    <property name="sun.arch.data.model" value="64"/>
    <property name="java.vendor.url" value="http://java.oracle.com/"/>
    <property name="user.timezone" value=""/>
    <property name="java.vm.specification.version" value="1.8"/>
    <property name="os.name" value="Linux"/>
    <property name="user.country" value="US"/>
    <property name="sun.java.launcher" value="SUN_STANDARD"/>
    <property name="sun.boot.library.path" value="/usr/lib/jvm/java-8-oracle/jre/lib/amd64"/>
    <property name="sun.java.command" value="/home/julian/Desktop/PAW/WinWings/paw/persistence/target/surefire/surefirebooter6442662455337460753.jar /home/julian/Desktop/PAW/WinWings/paw/persistence/target/surefire 2020-04-12T22-50-02_550-jvmRun1 surefire1850895614537024473tmp surefire_25380069515577017331tmp"/>
    <property name="surefire.test.class.path" value="/home/julian/Desktop/PAW/WinWings/paw/persistence/target/test-classes:/home/julian/Desktop/PAW/WinWings/paw/persistence/target/classes:/home/julian/.m2/repository/junit/junit/4.13/junit-4.13.jar:/home/julian/.m2/repository/org/hamcrest/hamcrest-core/1.3/hamcrest-core-1.3.jar:/home/julian/.m2/repository/org/springframework/spring-context/4.2.5.RELEASE/spring-context-4.2.5.RELEASE.jar:/home/julian/.m2/repository/org/springframework/spring-aop/4.2.5.RELEASE/spring-aop-4.2.5.RELEASE.jar:/home/julian/.m2/repository/aopalliance/aopalliance/1.0/aopalliance-1.0.jar:/home/julian/.m2/repository/org/springframework/spring-beans/4.2.5.RELEASE/spring-beans-4.2.5.RELEASE.jar:/home/julian/.m2/repository/org/springframework/spring-core/4.2.5.RELEASE/spring-core-4.2.5.RELEASE.jar:/home/julian/.m2/repository/commons-logging/commons-logging/1.2/commons-logging-1.2.jar:/home/julian/.m2/repository/org/springframework/spring-expression/4.2.5.RELEASE/spring-expression-4.2.5.RELEASE.jar:/home/julian/.m2/repository/org/springframework/spring-jdbc/4.2.5.RELEASE/spring-jdbc-4.2.5.RELEASE.jar:/home/julian/.m2/repository/org/springframework/spring-tx/4.2.5.RELEASE/spring-tx-4.2.5.RELEASE.jar:/home/julian/.m2/repository/org/postgresql/postgresql/42.2.5/postgresql-42.2.5.jar:/home/julian/Desktop/PAW/WinWings/paw/interfaces/target/interfaces-1.0.jar:/home/julian/Desktop/PAW/WinWings/paw/model/target/model-1.0.jar:/home/julian/.m2/repository/joda-time/joda-time/2.10.5/joda-time-2.10.5.jar:/home/julian/.m2/repository/org/springframework/spring-test/4.2.5.RELEASE/spring-test-4.2.5.RELEASE.jar:/home/julian/.m2/repository/org/hsqldb/hsqldb/2.3.1/hsqldb-2.3.1.jar:"/>
    <property name="sun.cpu.endian" value="little"/>
    <property name="user.home" value="/home/julian"/>
    <property name="user.language" value="en"/>
    <property name="java.specification.vendor" value="Oracle Corporation"/>
    <property name="java.home" value="/usr/lib/jvm/java-8-oracle/jre"/>
    <property name="basedir" value="/home/julian/Desktop/PAW/WinWings/paw/persistence"/>
    <property name="file.separator" value="/"/>
    <property name="line.separator" value="&#10;"/>
    <property name="java.vm.specification.vendor" value="Oracle Corporation"/>
    <property name="java.specification.name" value="Java Platform API Specification"/>
    <property name="java.awt.graphicsenv" value="sun.awt.X11GraphicsEnvironment"/>
    <property name="surefire.real.class.path" value="/home/julian/Desktop/PAW/WinWings/paw/persistence/target/surefire/surefirebooter6442662455337460753.jar"/>
    <property name="sun.boot.class.path" value="/usr/lib/jvm/java-8-oracle/jre/lib/resources.jar:/usr/lib/jvm/java-8-oracle/jre/lib/rt.jar:/usr/lib/jvm/java-8-oracle/jre/lib/sunrsasign.jar:/usr/lib/jvm/java-8-oracle/jre/lib/jsse.jar:/usr/lib/jvm/java-8-oracle/jre/lib/jce.jar:/usr/lib/jvm/java-8-oracle/jre/lib/charsets.jar:/usr/lib/jvm/java-8-oracle/jre/lib/jfr.jar:/usr/lib/jvm/java-8-oracle/jre/classes"/>
    <property name="sun.management.compiler" value="HotSpot 64-Bit Tiered Compilers"/>
    <property name="java.runtime.version" value="1.8.0_201-b09"/>
    <property name="user.name" value="julian"/>
    <property name="path.separator" value=":"/>
    <property name="os.version" value="4.15.0-96-generic"/>
    <property name="java.endorsed.dirs" value="/usr/lib/jvm/java-8-oracle/jre/lib/endorsed"/>
    <property name="java.runtime.name" value="Java(TM) SE Runtime Environment"/>
    <property name="file.encoding" value="UTF-8"/>
    <property name="java.vm.name" value="Java HotSpot(TM) 64-Bit Server VM"/>
    <property name="localRepository" value="/home/julian/.m2/repository"/>
    <property name="java.vendor.url.bug" value="http://bugreport.sun.com/bugreport/"/>
    <property name="java.io.tmpdir" value="/tmp"/>
    <property name="java.version" value="1.8.0_201"/>
    <property name="user.dir" value="/home/julian/Desktop/PAW/WinWings/paw/persistence"/>
    <property name="os.arch" value="amd64"/>
    <property name="java.vm.specification.name" value="Java Virtual Machine Specification"/>
    <property name="java.awt.printerjob" value="sun.print.PSPrinterJob"/>
    <property name="sun.os.patch.level" value="unknown"/>
    <property name="java.library.path" value="/usr/java/packages/lib/amd64:/usr/lib64:/lib64:/lib:/usr/lib"/>
    <property name="java.vm.info" value="mixed mode"/>
    <property name="java.vendor" value="Oracle Corporation"/>
    <property name="java.vm.version" value="25.201-b09"/>
    <property name="java.ext.dirs" value="/usr/lib/jvm/java-8-oracle/jre/lib/ext:/usr/java/packages/lib/ext"/>
    <property name="sun.io.unicode.encoding" value="UnicodeLittle"/>
    <property name="java.class.version" value="52.0"/>
  </properties>
  <testcase name="testFindByCategoriesNull" classname="ar.edu.itba.paw.persistence.ProjectJdbcDaoTest" time="0.077"/>
  <testcase name="testFindByCategoriesEmpty" classname="ar.edu.itba.paw.persistence.ProjectJdbcDaoTest" time="0.056"/>
  <testcase name="testFindByCategoriesValid" classname="ar.edu.itba.paw.persistence.ProjectJdbcDaoTest" time="0.138"/>
  <testcase name="testFindByIdDoesntExists" classname="ar.edu.itba.paw.persistence.ProjectJdbcDaoTest" time="0.044"/>
  <testcase name="testFindByIdProjectExists" classname="ar.edu.itba.paw.persistence.ProjectJdbcDaoTest" time="0.05"/>
  <testcase name="testCreate" classname="ar.edu.itba.paw.persistence.ProjectJdbcDaoTest" time="0.049"/>
  <testcase name="testFindAllIfTableEmpty" classname="ar.edu.itba.paw.persistence.ProjectJdbcDaoTest" time="0.012"/>
  <testcase name="testFindAllIfTableNotEmpty" classname="ar.edu.itba.paw.persistence.ProjectJdbcDaoTest" time="0.052"/>
</testsuite>