<?xml version="1.0" encoding="UTF-8"?>
<testsuite xmlns:xsi="http://www.w3.org/2001/XMLSchema-instance" xsi:noNamespaceSchemaLocation="https://maven.apache.org/surefire/maven-surefire-plugin/xsd/surefire-test-report.xsd" name="ar.edu.itba.paw.persistence.UserJdbcDaoTest" time="0.245" tests="2" errors="0" skipped="0" failures="0">
  <properties>
    <property name="java.specification.version" value="13"/>
    <property name="sun.jnu.encoding" value="UTF-8"/>
    <property name="java.class.path" value="/Users/mati/IdeaProjects/WinWings/paw/persistence/target/test-classes:/Users/mati/IdeaProjects/WinWings/paw/persistence/target/classes:/Users/mati/.m2/repository/junit/junit/4.13/junit-4.13.jar:/Users/mati/.m2/repository/org/hamcrest/hamcrest-core/1.3/hamcrest-core-1.3.jar:/Users/mati/.m2/repository/org/springframework/spring-context/4.2.5.RELEASE/spring-context-4.2.5.RELEASE.jar:/Users/mati/.m2/repository/org/springframework/spring-aop/4.2.5.RELEASE/spring-aop-4.2.5.RELEASE.jar:/Users/mati/.m2/repository/aopalliance/aopalliance/1.0/aopalliance-1.0.jar:/Users/mati/.m2/repository/org/springframework/spring-beans/4.2.5.RELEASE/spring-beans-4.2.5.RELEASE.jar:/Users/mati/.m2/repository/org/springframework/spring-core/4.2.5.RELEASE/spring-core-4.2.5.RELEASE.jar:/Users/mati/.m2/repository/commons-logging/commons-logging/1.2/commons-logging-1.2.jar:/Users/mati/.m2/repository/org/springframework/spring-expression/4.2.5.RELEASE/spring-expression-4.2.5.RELEASE.jar:/Users/mati/.m2/repository/org/springframework/spring-jdbc/4.2.5.RELEASE/spring-jdbc-4.2.5.RELEASE.jar:/Users/mati/.m2/repository/org/springframework/spring-tx/4.2.5.RELEASE/spring-tx-4.2.5.RELEASE.jar:/Users/mati/.m2/repository/org/postgresql/postgresql/42.2.5/postgresql-42.2.5.jar:/Users/mati/IdeaProjects/WinWings/paw/interfaces/target/interfaces-1.0.jar:/Users/mati/IdeaProjects/WinWings/paw/model/target/model-1.0.jar:/Users/mati/.m2/repository/joda-time/joda-time/2.10.5/joda-time-2.10.5.jar:/Users/mati/.m2/repository/org/springframework/spring-test/4.2.5.RELEASE/spring-test-4.2.5.RELEASE.jar:/Users/mati/.m2/repository/org/hsqldb/hsqldb/2.3.1/hsqldb-2.3.1.jar:"/>
    <property name="java.vm.vendor" value="Oracle Corporation"/>
    <property name="sun.arch.data.model" value="64"/>
    <property name="java.vendor.url" value="https://openjdk.java.net/"/>
    <property name="os.name" value="Mac OS X"/>
    <property name="java.vm.specification.version" value="13"/>
    <property name="sun.java.launcher" value="SUN_STANDARD"/>
    <property name="user.country" value="AR"/>
    <property name="sun.boot.library.path" value="/usr/local/Cellar/openjdk/13.0.2+8_2/libexec/openjdk.jdk/Contents/Home/lib"/>
    <property name="sun.java.command" value="/Users/mati/IdeaProjects/WinWings/paw/persistence/target/surefire/surefirebooter6121738488468822521.jar /Users/mati/IdeaProjects/WinWings/paw/persistence/target/surefire 2020-04-13T22-45-51_189-jvmRun1 surefire9310855113718816463tmp surefire_212172315452310823058tmp"/>
    <property name="http.nonProxyHosts" value="local|*.local|169.254/16|*.169.254/16"/>
    <property name="jdk.debug" value="release"/>
    <property name="surefire.test.class.path" value="/Users/mati/IdeaProjects/WinWings/paw/persistence/target/test-classes:/Users/mati/IdeaProjects/WinWings/paw/persistence/target/classes:/Users/mati/.m2/repository/junit/junit/4.13/junit-4.13.jar:/Users/mati/.m2/repository/org/hamcrest/hamcrest-core/1.3/hamcrest-core-1.3.jar:/Users/mati/.m2/repository/org/springframework/spring-context/4.2.5.RELEASE/spring-context-4.2.5.RELEASE.jar:/Users/mati/.m2/repository/org/springframework/spring-aop/4.2.5.RELEASE/spring-aop-4.2.5.RELEASE.jar:/Users/mati/.m2/repository/aopalliance/aopalliance/1.0/aopalliance-1.0.jar:/Users/mati/.m2/repository/org/springframework/spring-beans/4.2.5.RELEASE/spring-beans-4.2.5.RELEASE.jar:/Users/mati/.m2/repository/org/springframework/spring-core/4.2.5.RELEASE/spring-core-4.2.5.RELEASE.jar:/Users/mati/.m2/repository/commons-logging/commons-logging/1.2/commons-logging-1.2.jar:/Users/mati/.m2/repository/org/springframework/spring-expression/4.2.5.RELEASE/spring-expression-4.2.5.RELEASE.jar:/Users/mati/.m2/repository/org/springframework/spring-jdbc/4.2.5.RELEASE/spring-jdbc-4.2.5.RELEASE.jar:/Users/mati/.m2/repository/org/springframework/spring-tx/4.2.5.RELEASE/spring-tx-4.2.5.RELEASE.jar:/Users/mati/.m2/repository/org/postgresql/postgresql/42.2.5/postgresql-42.2.5.jar:/Users/mati/IdeaProjects/WinWings/paw/interfaces/target/interfaces-1.0.jar:/Users/mati/IdeaProjects/WinWings/paw/model/target/model-1.0.jar:/Users/mati/.m2/repository/joda-time/joda-time/2.10.5/joda-time-2.10.5.jar:/Users/mati/.m2/repository/org/springframework/spring-test/4.2.5.RELEASE/spring-test-4.2.5.RELEASE.jar:/Users/mati/.m2/repository/org/hsqldb/hsqldb/2.3.1/hsqldb-2.3.1.jar:"/>
    <property name="sun.cpu.endian" value="little"/>
    <property name="user.home" value="/Users/mati"/>
    <property name="user.language" value="en"/>
    <property name="java.specification.vendor" value="Oracle Corporation"/>
    <property name="java.version.date" value="2020-01-14"/>
    <property name="java.home" value="/usr/local/Cellar/openjdk/13.0.2+8_2/libexec/openjdk.jdk/Contents/Home"/>
    <property name="file.separator" value="/"/>
    <property name="basedir" value="/Users/mati/IdeaProjects/WinWings/paw/persistence"/>
    <property name="java.vm.compressedOopsMode" value="Zero based"/>
    <property name="line.separator" value="&#10;"/>
    <property name="java.specification.name" value="Java Platform API Specification"/>
    <property name="java.vm.specification.vendor" value="Oracle Corporation"/>
    <property name="surefire.real.class.path" value="/Users/mati/IdeaProjects/WinWings/paw/persistence/target/surefire/surefirebooter6121738488468822521.jar"/>
    <property name="sun.management.compiler" value="HotSpot 64-Bit Tiered Compilers"/>
    <property name="ftp.nonProxyHosts" value="local|*.local|169.254/16|*.169.254/16"/>
    <property name="java.runtime.version" value="13.0.2+8"/>
    <property name="user.name" value="mati"/>
    <property name="path.separator" value=":"/>
    <property name="os.version" value="10.15.3"/>
    <property name="java.runtime.name" value="OpenJDK Runtime Environment"/>
    <property name="file.encoding" value="UTF-8"/>
    <property name="java.vm.name" value="OpenJDK 64-Bit Server VM"/>
    <property name="localRepository" value="/Users/mati/.m2/repository"/>
    <property name="java.vendor.url.bug" value="https://bugreport.java.com/bugreport/"/>
    <property name="java.io.tmpdir" value="/var/folders/h3/chyftdr143g2z_kmf5sl46n80000gn/T/"/>
    <property name="java.version" value="13.0.2"/>
    <property name="user.dir" value="/Users/mati/IdeaProjects/WinWings/paw/persistence"/>
    <property name="os.arch" value="x86_64"/>
    <property name="java.vm.specification.name" value="Java Virtual Machine Specification"/>
    <property name="java.library.path" value="/Users/mati/Library/Java/Extensions:/Library/Java/Extensions:/Network/Library/Java/Extensions:/System/Library/Java/Extensions:/usr/lib/java:."/>
    <property name="java.vm.info" value="mixed mode, sharing"/>
    <property name="java.vendor" value="N/A"/>
    <property name="java.vm.version" value="13.0.2+8"/>
    <property name="sun.io.unicode.encoding" value="UnicodeBig"/>
    <property name="socksNonProxyHosts" value="local|*.local|169.254/16|*.169.254/16"/>
    <property name="java.class.version" value="57.0"/>
  </properties>
  <testcase name="testFindByIdDoesntExists" classname="ar.edu.itba.paw.persistence.UserJdbcDaoTest" time="0.033"/>
  <testcase name="testCreate" classname="ar.edu.itba.paw.persistence.UserJdbcDaoTest" time="0.15"/>
</testsuite>